{"level":"info","message":"User logged in: patiuaaron@gmail.com","timestamp":"2024-09-14T11:36:07.686Z","user":"patiuaaron@gmail.com"}
{"level":"info","message":"User logged in: patiuaaron@gmail.com","timestamp":"2024-09-14T11:55:58.430Z","user":"patiuaaron@gmail.com"}
{"level":"info","message":"User logged in: patiuaaron@gmail.com","timestamp":"2024-09-14T12:06:30.697Z","user":"patiuaaron@gmail.com"}
{"level":"info","message":"User logged in: patiuaaron@gmail.com","timestamp":"2024-09-14T12:10:38.115Z","user":"patiuaaron@gmail.com"}
{"level":"info","message":"User logged in: patiuaaron@gmail.com","timestamp":"2024-09-14T12:11:35.889Z","user":"patiuaaron@gmail.com"}
{"level":"info","message":"User logged in: patiuaaron@gmail.com","timestamp":"2024-09-14T12:13:10.126Z","user":"patiuaaron@gmail.com"}
{"level":"info","message":"User logged in: patiuaaron@gmail.com","timestamp":"2024-09-14T12:14:22.293Z","user":"patiuaaron@gmail.com"}
{"level":"info","message":"User logged in: patiuaaron@gmail.com","timestamp":"2024-09-14T12:15:32.377Z","user":"patiuaaron@gmail.com"}
{"level":"info","message":"User logged in: patiuaaron@gmail.com","timestamp":"2024-09-14T12:16:24.512Z","user":"patiuaaron@gmail.com"}
{"level":"info","message":"User logged out: undefined","timestamp":"2024-09-14T12:16:26.123Z"}
{"level":"info","message":"User logged in: patiuaaron@gmail.com","timestamp":"2024-09-14T12:16:36.617Z","user":"patiuaaron@gmail.com"}
{"level":"info","message":"User logged out: undefined","timestamp":"2024-09-14T12:16:40.149Z"}
{"level":"info","message":"User logged in: patiuaaron@gmail.com","timestamp":"2024-09-14T12:18:37.565Z","user":"patiuaaron@gmail.com"}
{"level":"warn","message":"Attempted logout without a valid session.","timestamp":"2024-09-14T12:18:39.311Z"}
{"level":"info","message":"User logged in: patiuaaron@gmail.com","timestamp":"2024-09-14T12:20:34.337Z","user":"patiuaaron@gmail.com"}
{"level":"warn","message":"Attempted logout without a valid session.","timestamp":"2024-09-14T12:20:35.780Z"}
{"level":"info","message":"User logged in: patiuaaron@gmail.com","timestamp":"2024-09-14T12:21:47.784Z","user":"patiuaaron@gmail.com"}
{"level":"warn","message":"Attempted logout without a valid session.","timestamp":"2024-09-14T12:21:49.377Z"}
{"level":"info","message":"User logged in: patiuaaron@gmail.com","timestamp":"2024-09-14T12:25:52.842Z","user":"patiuaaron@gmail.com"}
{"level":"info","message":"User logged in: patiuaaron@gmail.com","timestamp":"2024-09-14T12:30:07.969Z","user":"patiuaaron@gmail.com"}
{"level":"info","message":"User logged in: patiuaaron@gmail.com","timestamp":"2024-09-14T12:31:28.562Z","user":"patiuaaron@gmail.com"}
{"level":"info","message":"User logged out: undefined","timestamp":"2024-09-14T12:31:31.284Z"}
{"level":"info","message":"User logged in: patiuaaron@gmail.com","timestamp":"2024-09-15T02:58:05.287Z","user":"patiuaaron@gmail.com"}
{"level":"info","message":"User logged out: undefined","timestamp":"2024-09-15T02:58:09.624Z"}
{"level":"info","message":"User logged in: patiuaaron@gmail.com","timestamp":"2024-09-15T03:08:11.289Z","user":"patiuaaron@gmail.com"}
{"level":"info","message":"User logged out: undefined","timestamp":"2024-09-15T03:08:12.921Z"}
{"level":"info","message":"User logged in: patiuaaron@gmail.com","timestamp":"2024-09-15T03:13:27.100Z","user":"patiuaaron@gmail.com"}
{"level":"info","message":"User logged out: undefined","timestamp":"2024-09-15T03:13:28.519Z"}
{"level":"info","message":"User logged in: patiuaaron@gmail.com","timestamp":"2024-09-15T03:15:28.820Z","user":"patiuaaron@gmail.com"}
{"level":"info","message":"User logged out: undefined","timestamp":"2024-09-15T03:15:30.466Z"}
{"level":"info","message":"User logged in: patiuaaron@gmail.com","timestamp":"2024-09-15T03:18:08.822Z","user":"patiuaaron@gmail.com"}
{"level":"info","message":"User logged out: undefined","timestamp":"2024-09-15T03:18:10.019Z"}
{"level":"info","message":"User logged out: undefined","timestamp":"2024-09-15T03:18:45.045Z"}
{"level":"info","message":"User logged in: patiuaaron@gmail.com","timestamp":"2024-09-15T03:21:40.470Z","user":"patiuaaron@gmail.com"}
{"level":"info","message":"User logged out: undefined","timestamp":"2024-09-15T03:21:42.678Z"}
{"level":"info","message":"User logged out: undefined","timestamp":"2024-09-15T03:21:57.246Z"}
{"level":"info","message":"User logged out: undefined","timestamp":"2024-09-15T03:21:57.262Z"}
{"level":"info","message":"User logged out: undefined","timestamp":"2024-09-15T03:21:57.373Z"}
{"level":"info","message":"User logged out: undefined","timestamp":"2024-09-15T03:21:57.395Z"}
{"level":"info","message":"User logged out: undefined","timestamp":"2024-09-15T03:21:57.417Z"}
{"level":"warn","message":"Login attempt failed for email: patiuaaron@gmail.com - Wrong password","timestamp":"2024-09-15T03:23:34.332Z"}
{"level":"info","message":"User logged in: patiuaaron@gmail.com","timestamp":"2024-09-15T03:23:37.247Z","user":"patiuaaron@gmail.com"}
{"level":"info","message":"User logged out: null","timestamp":"2024-09-15T03:23:38.767Z"}
{"level":"info","message":"User logged in: patiuaaron@gmail.com","timestamp":"2024-09-15T03:32:04.361Z","user":"patiuaaron@gmail.com"}
{"level":"info","message":"User logged in: patiuaaron@gmail.com","timestamp":"2024-09-15T03:32:58.596Z","user":"patiuaaron@gmail.com"}
{"level":"info","message":"User logged in: patiuaaron@gmail.com","timestamp":"2024-09-15T03:35:51.218Z","user":"patiuaaron@gmail.com"}
{"level":"info","message":"User logged out: undefined","timestamp":"2024-09-15T03:35:52.832Z"}
{"level":"info","message":"User logged in: patiuaaron@gmail.com","timestamp":"2024-09-15T03:37:10.304Z","user":"patiuaaron@gmail.com"}
{"level":"info","message":"User logged out: undefined","timestamp":"2024-09-15T03:37:11.971Z"}
{"level":"info","message":"User logged in: patiuaaron@gmail.com","timestamp":"2024-09-15T03:39:42.274Z","user":"patiuaaron@gmail.com"}
{"level":"info","message":"User logged out: undefined","timestamp":"2024-09-15T03:39:43.823Z"}
{"level":"info","message":"User logged in: patiuaaron@gmail.com","timestamp":"2024-09-15T03:41:00.515Z","user":"patiuaaron@gmail.com"}
{"level":"info","message":"User logged out: undefined","timestamp":"2024-09-15T03:41:03.553Z"}
{"level":"info","message":"User logged in: patiuaaron@gmail.com","timestamp":"2024-09-15T03:41:49.755Z","user":"patiuaaron@gmail.com"}
{"level":"info","message":"User logged out: unknown","timestamp":"2024-09-15T03:41:51.278Z"}
{"level":"info","message":"User logged in: patiuaaron@gmail.com","timestamp":"2024-09-15T03:44:19.573Z","user":"patiuaaron@gmail.com"}
{"level":"info","message":"User logged out: unknown","timestamp":"2024-09-15T03:44:21.058Z"}
{"level":"info","message":"User logged in: patiuaaron@gmail.com","timestamp":"2024-09-15T03:51:08.738Z","user":"patiuaaron@gmail.com"}
{"level":"info","message":"User logged out: unknown","timestamp":"2024-09-15T03:51:10.376Z"}
{"level":"info","message":"User logged in: patiuaaron@gmail.com","timestamp":"2024-09-15T03:52:41.384Z","user":"patiuaaron@gmail.com"}
{"level":"info","message":"User logged out: unknown","timestamp":"2024-09-15T03:52:52.633Z"}
{"level":"info","message":"User logged in: patiuaaron@gmail.com","timestamp":"2024-09-15T03:53:29.057Z","user":"patiuaaron@gmail.com"}
{"level":"info","message":"User logged out: unknown","timestamp":"2024-09-15T03:53:33.827Z"}
{"level":"info","message":"User logged in: patiuaaron@gmail.com","timestamp":"2024-09-15T03:55:20.460Z","user":"patiuaaron@gmail.com"}
{"level":"info","message":"User logged out: unknown","timestamp":"2024-09-15T03:55:22.226Z"}
{"level":"info","message":"User logged in: patiuaaron@gmail.com","timestamp":"2024-09-15T04:03:56.233Z","user":"patiuaaron@gmail.com"}
{"level":"info","message":"User logged out: unknown","timestamp":"2024-09-15T04:03:57.559Z"}
{"level":"info","message":"User logged in: patiuaaron@gmail.com","timestamp":"2024-09-15T04:05:02.494Z","user":"patiuaaron@gmail.com"}
{"level":"info","message":"User logged out: unknown","timestamp":"2024-09-15T04:05:04.430Z"}
{"level":"info","message":"User logged in: patiuaaron@gmail.com","timestamp":"2024-09-15T04:09:25.917Z","user":"patiuaaron@gmail.com"}
{"level":"info","message":"User logged out: unknown","timestamp":"2024-09-15T04:09:31.007Z"}
{"level":"info","message":"User logged in: patiuaaron@gmail.com","timestamp":"2024-09-15T04:11:53.501Z","user":"patiuaaron@gmail.com"}
{"level":"info","message":"User logged out: unknown","timestamp":"2024-09-15T04:11:55.197Z"}
